<?xml version="1.0" encoding="UTF-8"?>
<testng-results ignored="0" total="1" passed="1" failed="0" skipped="0">
  <reporter-output>
  </reporter-output>
  <suite started-at="2023-10-09T08:06:42Z" name="Suite" finished-at="2023-10-09T08:10:13Z" duration-ms="211268">
    <groups>
      <group name="Regression">
        <method signature="Test_Signup.SignupTest(java.util.HashMap)[pri:0, instance:org.meta.facebook.tests.Test_Signup@1f2f9244]" name="SignupTest" class="org.meta.facebook.tests.Test_Signup"/>
      </group> <!-- Regression -->
    </groups>
    <test started-at="2023-10-09T08:06:42Z" name="Signup Test" finished-at="2023-10-09T08:10:13Z" duration-ms="211268">
      <class name="org.meta.facebook.tests.Test_Signup">
        <test-method is-config="true" signature="ConfigureAppium()[pri:0, instance:org.meta.facebook.tests.Test_Signup@1f2f9244]" started-at="2023-10-09T08:06:42Z" name="ConfigureAppium" finished-at="2023-10-09T08:07:05Z" duration-ms="23006" status="PASS">
          <reporter-output>
          </reporter-output>
        </test-method> <!-- ConfigureAppium -->
        <test-method signature="SignupTest(java.util.HashMap)[pri:0, instance:org.meta.facebook.tests.Test_Signup@1f2f9244]" started-at="2023-10-09T08:07:05Z" name="SignupTest" data-provider="getData" finished-at="2023-10-09T08:10:08Z" duration-ms="183367" status="PASS">
          <params>
            <param index="0">
              <value>
                <![CDATA[{mobile=01400000000, firstName=Tausif, lastName=Elahi, password=test@password}]]>
              </value>
            </param>
          </params>
          <reporter-output>
          </reporter-output>
        </test-method> <!-- SignupTest -->
        <test-method is-config="true" signature="tearDown()[pri:0, instance:org.meta.facebook.tests.Test_Signup@1f2f9244]" started-at="2023-10-09T08:10:10Z" name="tearDown" finished-at="2023-10-09T08:10:13Z" duration-ms="2838" status="PASS">
          <reporter-output>
          </reporter-output>
        </test-method> <!-- tearDown -->
      </class> <!-- org.meta.facebook.tests.Test_Signup -->
    </test> <!-- Signup Test -->
  </suite> <!-- Suite -->
</testng-results>
